<?xml version="1.0" encoding="UTF-8"?>
<!-- Generated by org.testng.reporters.JUnitReportReporter -->
<testsuite hostname="DESKTOP-UPI6MMU" failures="0" tests="1" name="swaglab_test.ProductTest" time="2.681" errors="0" timestamp="07 Apr 2025 04:20:21 GMT" skipped="0">
  <testcase classname="swaglab_test.ProductTest" name="addToCartTest" time="2.681"/>
</testsuite> <!-- swaglab_test.ProductTest -->
