<?xml version="1.0" encoding="UTF-8"?>
<!-- Generated by org.testng.reporters.JUnitReportReporter -->
<testsuite hostname="DESKTOP-UPI6MMU" failures="0" tests="5" name="swaglab_test.LoginTest" time="15.438" errors="0" timestamp="08 Jun 2025 15:08:45 GMT" skipped="0">
  <testcase classname="swaglab_test.LoginTest" name="LoginSuccessTest" time="2.675"/>
  <testcase classname="swaglab_test.LoginTest" name="LoginFailureTestFromExcel" time="2.419"/>
  <testcase classname="swaglab_test.LoginTest" name="LockedUserLoginFailureTest" time="5.332"/>
  <testcase classname="swaglab_test.LoginTest" name="LoginFailureTestFromProperties" time="2.332"/>
  <testcase classname="swaglab_test.LoginTest" name="LoginFailureTest" time="2.680"/>
</testsuite> <!-- swaglab_test.LoginTest -->
