<?xml version="1.0" encoding="UTF-8"?>
<!-- Generated by org.testng.reporters.JUnitReportReporter -->
<testsuite hostname="DESKTOP-UPI6MMU" failures="0" tests="2" name="testng.AnnotationsExample" time="0.016" errors="0" timestamp="05 Apr 2025 15:49:06 GMT" skipped="0">
  <testcase classname="testng.AnnotationsExample" name="test2" time="0.004"/>
  <testcase classname="testng.AnnotationsExample" name="test1" time="0.012"/>
</testsuite> <!-- testng.AnnotationsExample -->
