<?xml version="1.0" encoding="UTF-8"?>
<!-- Generated by org.testng.reporters.JUnitReportReporter -->
<testsuite hostname="DESKTOP-UPI6MMU" failures="0" tests="1" name="testng.AnnotationsExample2" time="0.002" errors="0" timestamp="10 Jun 2025 12:33:16 GMT" skipped="0">
  <testcase classname="testng.AnnotationsExample2" name="test4" time="0.002"/>
</testsuite> <!-- testng.AnnotationsExample2 -->
