<?xml version="1.0" encoding="UTF-8"?>
<!-- Generated by org.testng.reporters.JUnitReportReporter -->
<testsuite hostname="DESKTOP-UPI6MMU" failures="0" tests="1" name="swaglab_test.ProductTest" time="4.548" errors="0" timestamp="08 Jun 2025 14:53:39 GMT" skipped="0">
  <testcase classname="swaglab_test.ProductTest" name="addToCartTest" time="4.548"/>
</testsuite> <!-- swaglab_test.ProductTest -->
