<?xml version="1.0" encoding="UTF-8"?>
<!-- Generated by org.testng.reporters.JUnitReportReporter -->
<testsuite hostname="DESKTOP-UPI6MMU" failures="0" tests="5" name="swaglab_test.LoginTest" time="17.018" errors="0" timestamp="10 Jun 2025 12:37:08 GMT" skipped="0">
  <testcase classname="swaglab_test.LoginTest" name="LoginSuccessTest" time="2.294"/>
  <testcase classname="swaglab_test.LoginTest" name="LoginFailureTestFromExcel" time="2.655"/>
  <testcase classname="swaglab_test.LoginTest" name="LoginFailureTestFromProperties" time="7.168"/>
  <testcase classname="swaglab_test.LoginTest" name="LockedUserLoginFailureTest" time="2.390"/>
  <testcase classname="swaglab_test.LoginTest" name="LoginFailureTest" time="2.511"/>
</testsuite> <!-- swaglab_test.LoginTest -->
