<?xml version="1.0" encoding="UTF-8"?>
<!-- Generated by org.testng.reporters.JUnitReportReporter -->
<testsuite hostname="DESKTOP-UPI6MMU" failures="0" tests="5" name="swaglab_test.LoginTest" time="19.269" errors="0" timestamp="21 Jun 2025 14:52:22 GMT" skipped="0">
  <testcase classname="swaglab_test.LoginTest" name="LoginSuccessTest" time="7.679"/>
  <testcase classname="swaglab_test.LoginTest" name="LockedUserLoginFailureTest" time="3.173"/>
  <testcase classname="swaglab_test.LoginTest" name="LoginFailureTestFromProperties" time="2.995"/>
  <testcase classname="swaglab_test.LoginTest" name="LoginFailureTestFromExcel" time="2.350"/>
  <testcase classname="swaglab_test.LoginTest" name="LoginFailureTest" time="3.072"/>
</testsuite> <!-- swaglab_test.LoginTest -->
