<?xml version="1.0" encoding="UTF-8"?>
<!-- Generated by org.testng.reporters.JUnitReportReporter -->
<testsuite hostname="DESKTOP-UPI6MMU" failures="0" tests="1" name="swaglab_test.ProductTest" time="3.021" errors="0" timestamp="10 Jun 2025 12:37:08 GMT" skipped="0">
  <testcase classname="swaglab_test.ProductTest" name="addToCartTest" time="3.021"/>
</testsuite> <!-- swaglab_test.ProductTest -->
